c:\users\tjm11\source\repos\controllerhooker\driver\x64\release\vc143.pdb
c:\users\tjm11\source\repos\controllerhooker\driver\x64\release\utils.obj
c:\users\tjm11\source\repos\controllerhooker\driver\x64\release\logmanager.obj
c:\users\tjm11\source\repos\controllerhooker\driver\x64\release\hookmanager.obj
c:\users\tjm11\source\repos\controllerhooker\driver\x64\release\globals.obj
c:\users\tjm11\source\repos\controllerhooker\driver\x64\release\dllmain.obj
c:\users\tjm11\source\repos\controllerhooker\driver\x64\release\deviceprovider.obj
c:\users\tjm11\source\repos\controllerhooker\build\controllerhookerdriver\release\bin\win64\driver_controllerhooker.dll
c:\users\tjm11\source\repos\controllerhooker\build\controllerhookerdriver\release\bin\win64\driver_controllerhooker.pdb
c:\users\tjm11\source\repos\controllerhooker\build\controllerhookerdriver\release\bin\win64\driver_controllerhooker.lib
c:\users\tjm11\source\repos\controllerhooker\build\controllerhookerdriver\release\bin\win64\driver_controllerhooker.exp
c:\users\tjm11\source\repos\controllerhooker\driver\x64\release\driver_controllerhooker.ipdb
c:\users\tjm11\source\repos\controllerhooker\driver\x64\release\driver_controllerhooker.iobj
c:\users\tjm11\source\repos\controllerhooker\driver\x64\release\controll.d64e546b.tlog\cl.command.1.tlog
c:\users\tjm11\source\repos\controllerhooker\driver\x64\release\controll.d64e546b.tlog\cl.items.tlog
c:\users\tjm11\source\repos\controllerhooker\driver\x64\release\controll.d64e546b.tlog\cl.read.1.tlog
c:\users\tjm11\source\repos\controllerhooker\driver\x64\release\controll.d64e546b.tlog\cl.write.1.tlog
c:\users\tjm11\source\repos\controllerhooker\driver\x64\release\controll.d64e546b.tlog\link.command.1.tlog
c:\users\tjm11\source\repos\controllerhooker\driver\x64\release\controll.d64e546b.tlog\link.read.1.tlog
c:\users\tjm11\source\repos\controllerhooker\driver\x64\release\controll.d64e546b.tlog\link.secondary.1.tlog
c:\users\tjm11\source\repos\controllerhooker\driver\x64\release\controll.d64e546b.tlog\link.write.1.tlog
