C:\Program Files\Microsoft Visual Studio\2022\Community\MSBuild\Microsoft\VC\v170\Microsoft.CppBuild.targets(538,5): warning MSB8028: The intermediate directory (x64\Debug\) contains files shared from another project (ControllerHookerDriver.vcxproj).  This can lead to incorrect clean and rebuild behavior.
  DeviceProvider.cpp
  dllmain.cpp
  globals.cpp
  HookManager.cpp
C:\Users\tjm11\source\repos\ControllerHooker\Driver\headers\vrmath.h(206,12): warning C4244: 'initializing': conversion from 'double' to 'float', possible loss of data
  (compiling source file 'src/HookManager.cpp')
  
C:\Users\tjm11\source\repos\ControllerHooker\Driver\headers\vrmath.h(207,13): warning C4244: 'initializing': conversion from 'double' to 'float', possible loss of data
  (compiling source file 'src/HookManager.cpp')
  
C:\Users\tjm11\source\repos\ControllerHooker\Driver\headers\vrmath.h(208,13): warning C4244: 'initializing': conversion from 'double' to 'float', possible loss of data
  (compiling source file 'src/HookManager.cpp')
  
C:\Users\tjm11\source\repos\ControllerHooker\Driver\headers\vrmath.h(209,13): warning C4244: 'initializing': conversion from 'double' to 'float', possible loss of data
  (compiling source file 'src/HookManager.cpp')
  
C:\Users\tjm11\source\repos\ControllerHooker\Driver\headers\vrmath.h(210,13): warning C4244: 'initializing': conversion from 'double' to 'float', possible loss of data
  (compiling source file 'src/HookManager.cpp')
  
C:\Users\tjm11\source\repos\ControllerHooker\Driver\headers\vrmath.h(211,13): warning C4244: 'initializing': conversion from 'double' to 'float', possible loss of data
  (compiling source file 'src/HookManager.cpp')
  
C:\Users\tjm11\source\repos\ControllerHooker\Driver\headers\vrmath.h(212,13): warning C4244: 'initializing': conversion from 'double' to 'float', possible loss of data
  (compiling source file 'src/HookManager.cpp')
  
C:\Users\tjm11\source\repos\ControllerHooker\Driver\headers\vrmath.h(213,13): warning C4244: 'initializing': conversion from 'double' to 'float', possible loss of data
  (compiling source file 'src/HookManager.cpp')
  
C:\Users\tjm11\source\repos\ControllerHooker\Driver\headers\vrmath.h(214,13): warning C4244: 'initializing': conversion from 'double' to 'float', possible loss of data
  (compiling source file 'src/HookManager.cpp')
  
C:\Users\tjm11\source\repos\ControllerHooker\Driver\headers\vrmath.h(215,14): warning C4244: 'initializing': conversion from 'double' to 'float', possible loss of data
  (compiling source file 'src/HookManager.cpp')
  
C:\Users\tjm11\source\repos\ControllerHooker\Driver\headers\vrmath.h(216,14): warning C4244: 'initializing': conversion from 'double' to 'float', possible loss of data
  (compiling source file 'src/HookManager.cpp')
  
C:\Users\tjm11\source\repos\ControllerHooker\Driver\headers\vrmath.h(217,14): warning C4244: 'initializing': conversion from 'double' to 'float', possible loss of data
  (compiling source file 'src/HookManager.cpp')
  
  LogManager.cpp
  Utils.cpp
  Generating Code...
     Creating library C:\Users\tjm11\source\repos\ControllerHooker\Build\ControllerHookerDriver\Debug\bin\win64\driver_controllerhooker.lib and object C:\Users\tjm11\source\repos\ControllerHooker\Build\ControllerHookerDriver\Debug\bin\win64\driver_controllerhooker.exp
LINK : warning LNK4098: defaultlib 'LIBCMTD' conflicts with use of other libs; use /NODEFAULTLIB:library
  ControllerHookerDriver.vcxproj -> C:\Users\tjm11\source\repos\ControllerHooker\Build\ControllerHookerDriver\Debug\bin\win64\driver_controllerhooker.dll
