c:\users\tjm11\source\repos\controllerhooker\driver\x64\debug\vc143.pdb
c:\users\tjm11\source\repos\controllerhooker\driver\x64\debug\vc143.idb
c:\users\tjm11\source\repos\controllerhooker\driver\x64\debug\utils.obj
c:\users\tjm11\source\repos\controllerhooker\driver\x64\debug\logmanager.obj
c:\users\tjm11\source\repos\controllerhooker\driver\x64\debug\hookmanager.obj
c:\users\tjm11\source\repos\controllerhooker\driver\x64\debug\globals.obj
c:\users\tjm11\source\repos\controllerhooker\driver\x64\debug\dllmain.obj
c:\users\tjm11\source\repos\controllerhooker\driver\x64\debug\deviceprovider.obj
c:\users\tjm11\source\repos\controllerhooker\build\controllerhookerdriver\debug\bin\win64\driver_controllerhooker.dll
c:\users\tjm11\source\repos\controllerhooker\build\controllerhookerdriver\debug\bin\win64\driver_controllerhooker.pdb
c:\users\tjm11\source\repos\controllerhooker\build\controllerhookerdriver\debug\bin\win64\driver_controllerhooker.lib
c:\users\tjm11\source\repos\controllerhooker\build\controllerhookerdriver\debug\bin\win64\driver_controllerhooker.exp
c:\users\tjm11\source\repos\controllerhooker\driver\x64\debug\driver_controllerhooker.ilk
c:\users\tjm11\source\repos\controllerhooker\driver\x64\debug\controll.d64e546b.tlog\cl.command.1.tlog
c:\users\tjm11\source\repos\controllerhooker\driver\x64\debug\controll.d64e546b.tlog\cl.items.tlog
c:\users\tjm11\source\repos\controllerhooker\driver\x64\debug\controll.d64e546b.tlog\cl.read.1.tlog
c:\users\tjm11\source\repos\controllerhooker\driver\x64\debug\controll.d64e546b.tlog\cl.write.1.tlog
c:\users\tjm11\source\repos\controllerhooker\driver\x64\debug\controll.d64e546b.tlog\link.command.1.tlog
c:\users\tjm11\source\repos\controllerhooker\driver\x64\debug\controll.d64e546b.tlog\link.read.1.tlog
c:\users\tjm11\source\repos\controllerhooker\driver\x64\debug\controll.d64e546b.tlog\link.secondary.1.tlog
c:\users\tjm11\source\repos\controllerhooker\driver\x64\debug\controll.d64e546b.tlog\link.write.1.tlog
